0 info it worked if it ends with ok
1 verbose cli [ 'node', '/usr/local/bin/npm', 'install', '-g', 'ios-sim' ]
2 info using npm@2.0.0-alpha-5
3 info using node@v0.10.26
4 verbose cache add [ 'ios-sim', null ]
5 verbose cache add spec="ios-sim" args=["ios-sim",null]
6 verbose parsed spec { raw: 'ios-sim',
6 verbose parsed spec   scope: null,
6 verbose parsed spec   name: 'ios-sim',
6 verbose parsed spec   rawSpec: '',
6 verbose parsed spec   spec: '*',
6 verbose parsed spec   type: 'range' }
7 verbose addNamed [ 'ios-sim', '*' ]
8 verbose addNamed [ null, '*' ]
9 silly lockFile b60c54de-ios-sim ios-sim@*
10 verbose lock ios-sim@* /Users/takeshi/.npm/b60c54de-ios-sim.lock
11 silly addNameRange { name: 'ios-sim', range: '*', hasData: false }
12 verbose mapToRegistry name ios-sim
13 verbose mapToRegistry uri https://registry.npmjs.org/ios-sim
14 verbose registry.get https://registry.npmjs.org/ios-sim not expired, no request
15 silly addNameRange number 2 { name: 'ios-sim', range: '*', hasData: true }
16 silly addNameRange versions [ 'ios-sim',
16 silly addNameRange   [ '1.8.0', '1.8.1', '1.8.2', '1.9.0', '2.0.0', '2.0.1' ] ]
17 verbose addNamed [ 'ios-sim', '2.0.1' ]
18 verbose addNamed [ '2.0.1', '2.0.1' ]
19 silly lockFile c13d98a8-ios-sim-2-0-1 ios-sim@2.0.1
20 verbose lock ios-sim@2.0.1 /Users/takeshi/.npm/c13d98a8-ios-sim-2-0-1.lock
21 silly lockFile c13d98a8-ios-sim-2-0-1 ios-sim@2.0.1
22 silly lockFile c13d98a8-ios-sim-2-0-1 ios-sim@2.0.1
23 silly lockFile b60c54de-ios-sim ios-sim@*
24 silly lockFile b60c54de-ios-sim ios-sim@*
25 silly resolved [ { name: 'ios-sim',
25 silly resolved     version: '2.0.1',
25 silly resolved     description: 'launch iOS apps into the iOS Simulator from the command line (Xcode 5.1)',
25 silly resolved     main: 'ios-sim',
25 silly resolved     scripts: { preinstall: 'rake build' },
25 silly resolved     bin: { 'ios-sim': 'build/Release/ios-sim' },
25 silly resolved     repository: { type: 'git', url: 'https://github.com/phonegap/ios-sim' },
25 silly resolved     keywords: [ 'ios-sim', 'iOS Simulator' ],
25 silly resolved     author: { name: 'Landon Fuller, Jeff Haynie, Eloy Duran, Shazron Abdullah' },
25 silly resolved     license: 'MIT',
25 silly resolved     gitHead: 'a695e873e453db8e9c1e3a18fb000547fa3cb721',
25 silly resolved     bugs: { url: 'https://github.com/phonegap/ios-sim/issues' },
25 silly resolved     homepage: 'https://github.com/phonegap/ios-sim',
25 silly resolved     _id: 'ios-sim@2.0.1',
25 silly resolved     _shasum: '764ce4f069ba4b2301ce2e4ae539510e839c95d1',
25 silly resolved     _from: 'ios-sim@*',
25 silly resolved     _npmVersion: '1.4.14',
25 silly resolved     _npmUser: { name: 'shazron', email: 'shazron@gmail.com' },
25 silly resolved     maintainers: [ [Object] ],
25 silly resolved     dist:
25 silly resolved      { shasum: '764ce4f069ba4b2301ce2e4ae539510e839c95d1',
25 silly resolved        tarball: 'http://registry.npmjs.org/ios-sim/-/ios-sim-2.0.1.tgz' },
25 silly resolved     directories: {},
25 silly resolved     _resolved: 'https://registry.npmjs.org/ios-sim/-/ios-sim-2.0.1.tgz',
25 silly resolved     readme: 'ERROR: No README data found!' } ]
26 info install ios-sim@2.0.1 into /usr/local/lib
27 info installOne ios-sim@2.0.1
28 verbose lib/node_modules/ios-sim unbuild
29 info preuninstall ios-sim@2.0.0
30 info uninstall ios-sim@2.0.0
31 verbose true,/usr/local/lib/node_modules,/usr/local/lib/node_modules unbuild ios-sim@2.0.0
32 verbose /usr/local/bin,[object Object] binRoot
33 verbose gentlyRm verifying that /usr/local/lib/node_modules/ios-sim is managed by npm
34 silly cacheAndTest /usr/local/lib/node_modules/ios-sim is inside /usr/local/lib/node_modules
35 silly gentlyRm /usr/local/lib/node_modules/ios-sim is managed by npm
36 silly gentlyRm /usr/local/bin/ios-sim is not under /usr/local/lib/node_modules/ios-sim
37 silly gentlyRm checking to see if /usr/local/bin/ios-sim is a link
38 info postuninstall ios-sim@2.0.0
39 verbose gentlyRm vacuuming /usr/local/lib/node_modules/ios-sim
40 silly gentlyRm purging /usr/local/lib/node_modules/ios-sim
41 silly gentlyRm quitting because other entries in /usr/local/lib/node_modules
42 verbose tar unpack /Users/takeshi/.npm/ios-sim/2.0.1/package.tgz
43 silly lockFile 5027580f-r-local-lib-node-modules-ios-sim tar:///usr/local/lib/node_modules/ios-sim
44 verbose lock tar:///usr/local/lib/node_modules/ios-sim /Users/takeshi/.npm/5027580f-r-local-lib-node-modules-ios-sim.lock
45 silly lockFile e1d7aae5-hi-npm-ios-sim-2-0-1-package-tgz tar:///Users/takeshi/.npm/ios-sim/2.0.1/package.tgz
46 verbose lock tar:///Users/takeshi/.npm/ios-sim/2.0.1/package.tgz /Users/takeshi/.npm/e1d7aae5-hi-npm-ios-sim-2-0-1-package-tgz.lock
47 verbose gentlyRm vacuuming /usr/local/lib/node_modules/ios-sim
48 silly gunzTarPerm modes [ '755', '644' ]
49 silly gunzTarPerm extractEntry package.json
50 silly gunzTarPerm extractEntry .npmignore
51 silly gunzTarPerm extractEntry README.md
52 silly gunzTarPerm extractEntry LICENSE
53 silly gunzTarPerm extractEntry CoreSimulator/CoreSimulator.h
54 silly gunzTarPerm extractEntry DVTiPhoneSimulatorRemoteClient/DVTiPhoneSimulatorRemoteClient.h
55 silly gunzTarPerm extractEntry CONTRIBUTING.md
56 silly gunzTarPerm extractEntry Rakefile
57 silly gunzTarPerm extractEntry Source/.npmignore
58 silly gunzTarPerm extractEntry Source/NSString+expandPath.h
59 silly gunzTarPerm extractEntry Source/NSString+expandPath.m
60 silly gunzTarPerm extractEntry Source/iPhoneSimulator.h
61 silly gunzTarPerm extractEntry Source/iPhoneSimulator.m
62 silly gunzTarPerm extractEntry Source/main.m
63 silly gunzTarPerm extractEntry Source/nsprintf.h
64 silly gunzTarPerm extractEntry Source/nsprintf.m
65 silly gunzTarPerm extractEntry Source/version.h
66 silly gunzTarPerm extractEntry ios-sim.xcodeproj/.npmignore
67 silly gunzTarPerm extractEntry ios-sim.xcodeproj/project.pbxproj
68 silly gunzTarPerm extractEntry ios-sim.xcodeproj/xcshareddata/xcschemes/ios-sim.xcscheme
69 silly gunzTarPerm extractEntry ios-sim_Prefix.pch
70 silly gunzTarPerm extractEntry README.template.md
71 silly lockFile 5027580f-r-local-lib-node-modules-ios-sim tar:///usr/local/lib/node_modules/ios-sim
72 silly lockFile 5027580f-r-local-lib-node-modules-ios-sim tar:///usr/local/lib/node_modules/ios-sim
73 silly lockFile e1d7aae5-hi-npm-ios-sim-2-0-1-package-tgz tar:///Users/takeshi/.npm/ios-sim/2.0.1/package.tgz
74 silly lockFile e1d7aae5-hi-npm-ios-sim-2-0-1-package-tgz tar:///Users/takeshi/.npm/ios-sim/2.0.1/package.tgz
75 info preinstall ios-sim@2.0.1
76 verbose unsafe-perm in lifecycle false
77 verbose readDependencies using package.json deps
78 verbose readDependencies using package.json deps
79 silly resolved []
80 verbose about to build /usr/local/lib/node_modules/ios-sim
81 info build /usr/local/lib/node_modules/ios-sim
82 verbose linkStuff [ true,
82 verbose linkStuff   '/usr/local/lib/node_modules',
82 verbose linkStuff   true,
82 verbose linkStuff   '/usr/local/lib/node_modules' ]
83 info linkStuff ios-sim@2.0.1
84 verbose linkBins ios-sim@2.0.1
85 verbose link bins [ { 'ios-sim': 'build/Release/ios-sim' },
85 verbose link bins   '/usr/local/bin',
85 verbose link bins   true ]
86 verbose linkMans ios-sim@2.0.1
87 verbose rebuildBundles ios-sim@2.0.1
88 verbose gentlyRm verifying that /usr/local/lib/node_modules/ios-sim is managed by npm
89 silly isManaged /usr/local/lib/node_modules/ios-sim is inside /usr/local/lib/node_modules
90 silly gentlyRm /usr/local/lib/node_modules/ios-sim is managed by npm
91 silly gentlyRm /usr/local/bin/ios-sim is not under /usr/local/lib/node_modules/ios-sim
92 silly gentlyRm checking to see if /usr/local/bin/ios-sim is a link
93 info install ios-sim@2.0.1
94 info postinstall ios-sim@2.0.1
95 error peerinvalid The package generator-karma does not satisfy its siblings' peerDependencies requirements!
95 error peerinvalid Peer generator-angular@0.9.5 wants generator-karma@>=0.8.2
95 error peerinvalid Peer generator-angular-cordova@0.0.1 wants generator-karma@>=0.6.0
95 error peerinvalid Peer generator-angularexpress@0.0.5 wants generator-karma@~0.6.0
96 error System Darwin 13.3.0
97 error command "node" "/usr/local/bin/npm" "install" "-g" "ios-sim"
98 error cwd /my/js/yuki2
99 error node -v v0.10.26
100 error npm -v 2.0.0-alpha-5
101 error code EPEERINVALID
102 verbose exit [ 1, true ]
